[INFO] Scanning for projects...
[INFO] 
[INFO] -----------------< ma.attijariwafa:desk-international >-----------------
[INFO] Building desk-international 0.0.1-SNAPSHOT
[INFO]   from pom.xml
[INFO] --------------------------------[ jar ]---------------------------------
[INFO] 
[INFO] >>> spring-boot:3.4.0:run (default-cli) > test-compile @ desk-international >>>
[INFO] 
[INFO] --- resources:3.3.1:resources (default-resources) @ desk-international ---
[INFO] Copying 1 resource from src\main\resources to target\classes
[INFO] Copying 2 resources from src\main\resources to target\classes
[INFO] 
[INFO] --- compiler:3.11.0:compile (default-compile) @ desk-international ---
[INFO] Nothing to compile - all classes are up to date
[INFO] 
[INFO] --- resources:3.3.1:testResources (default-testResources) @ desk-international ---
[INFO] skip non existing resourceDirectory C:\Users\hp\Desktop\Trading-dashboard-frontend-master\desk-international\.idea\desk-international\src\test\resources
[INFO] 
[INFO] --- compiler:3.11.0:testCompile (default-testCompile) @ desk-international ---
[INFO] Changes detected - recompiling the module! :source
[INFO] Compiling 1 source file with javac [debug release 17] to target\test-classes
[INFO] 
[INFO] <<< spring-boot:3.4.0:run (default-cli) < test-compile @ desk-international <<<
[INFO] 
[INFO] 
[INFO] --- spring-boot:3.4.0:run (default-cli) @ desk-international ---
[INFO] ------------------------------------------------------------------------
[INFO] BUILD FAILURE
[INFO] ------------------------------------------------------------------------
[INFO] Total time:  8.072 s
[INFO] Finished at: 2026-06-06T14:01:18+01:00
[INFO] ------------------------------------------------------------------------
[ERROR] Failed to execute goal org.springframework.boot:spring-boot-maven-plugin:3.4.0:run (default-cli) on project desk-international: Execution default-cli of goal org.springframework.boot:spring-boot-maven-plugin:3.4.0:run failed: Plugin org.springframework.boot:spring-boot-maven-plugin:3.4.0 or one of its dependencies could not be resolved:
[ERROR] 	Cannot access central (https://repo.maven.apache.org/maven2) in offline mode and the artifact org.springframework.boot:spring-boot-buildpack-platform:jar:3.4.0 has not been downloaded from it before.
[ERROR] 	Cannot access central (https://repo.maven.apache.org/maven2) in offline mode and the artifact net.java.dev.jna:jna-platform:jar:5.13.0 has not been downloaded from it before.
[ERROR] 	Cannot access central (https://repo.maven.apache.org/maven2) in offline mode and the artifact net.java.dev.jna:jna:jar:5.13.0 has not been downloaded from it before.
[ERROR] 	Cannot access central (https://repo.maven.apache.org/maven2) in offline mode and the artifact org.apache.commons:commons-compress:jar:1.25.0 has not been downloaded from it before.
[ERROR] 	Cannot access central (https://repo.maven.apache.org/maven2) in offline mode and the artifact org.apache.httpcomponents.client5:httpclient5:jar:5.4.1 has not been downloaded from it before.
[ERROR] 	Cannot access central (https://repo.maven.apache.org/maven2) in offline mode and the artifact org.apache.httpcomponents.core5:httpcore5:jar:5.3.1 has not been downloaded from it before.
[ERROR] 	Cannot access central (https://repo.maven.apache.org/maven2) in offline mode and the artifact org.apache.httpcomponents.core5:httpcore5-h2:jar:5.3.1 has not been downloaded from it before.
[ERROR] 	Cannot access central (https://repo.maven.apache.org/maven2) in offline mode and the artifact org.tomlj:tomlj:jar:1.0.0 has not been downloaded from it before.
[ERROR] 	Cannot access central (https://repo.maven.apache.org/maven2) in offline mode and the artifact org.antlr:antlr4-runtime:jar:4.7.2 has not been downloaded from it before.
[ERROR] 	Cannot access central (https://repo.maven.apache.org/maven2) in offline mode and the artifact com.google.code.findbugs:jsr305:jar:3.0.2 has not been downloaded from it before.
[ERROR] 	Cannot access central (https://repo.maven.apache.org/maven2) in offline mode and the artifact org.springframework.boot:spring-boot-loader-tools:jar:3.4.0 has not been downloaded from it before.
[ERROR] 	Cannot access central (https://repo.maven.apache.org/maven2) in offline mode and the artifact org.apache.maven.shared:maven-common-artifact-filters:jar:3.3.2 has not been downloaded from it before.
[ERROR] 	Cannot access central (https://repo.maven.apache.org/maven2) in offline mode and the artifact io.micrometer:micrometer-observation:jar:1.14.0 has not been downloaded from it before.
[ERROR] 	Cannot access central (https://repo.maven.apache.org/maven2) in offline mode and the artifact io.micrometer:micrometer-commons:jar:1.14.0 has not been downloaded from it before.
[ERROR] 	Cannot access central (https://repo.maven.apache.org/maven2) in offline mode and the artifact org.apache.maven.plugins:maven-shade-plugin:jar:3.5.0 has not been downloaded from it before.
[ERROR] 	Cannot access central (https://repo.maven.apache.org/maven2) in offline mode and the artifact org.ow2.asm:asm:jar:9.5 has not been downloaded from it before.
[ERROR] 	Cannot access central (https://repo.maven.apache.org/maven2) in offline mode and the artifact org.ow2.asm:asm-commons:jar:9.5 has not been downloaded from it before.
[ERROR] 	Cannot access central (https://repo.maven.apache.org/maven2) in offline mode and the artifact org.ow2.asm:asm-tree:jar:9.5 has not been downloaded from it before.
[ERROR] 	Cannot access central (https://repo.maven.apache.org/maven2) in offline mode and the artifact org.jdom:jdom2:jar:2.0.6.1 has not been downloaded from it before.
[ERROR] 	Cannot access central (https://repo.maven.apache.org/maven2) in offline mode and the artifact org.apache.maven.shared:maven-dependency-tree:jar:3.2.1 has not been downloaded from it before.
[ERROR] 	Cannot access central (https://repo.maven.apache.org/maven2) in offline mode and the artifact org.eclipse.aether:aether-util:jar:1.0.0.v20140518 has not been downloaded from it before.
[ERROR] 	Cannot access central (https://repo.maven.apache.org/maven2) in offline mode and the artifact org.eclipse.aether:aether-api:jar:1.0.0.v20140518 has not been downloaded from it before.
[ERROR] 	Cannot access central (https://repo.maven.apache.org/maven2) in offline mode and the artifact commons-io:commons-io:jar:2.13.0 has not been downloaded from it before.
[ERROR] 	Cannot access central (https://repo.maven.apache.org/maven2) in offline mode and the artifact org.vafer:jdependency:jar:2.8.0 has not been downloaded from it before.
[ERROR] 
[ERROR] -> [Help 1]
[ERROR] 
[ERROR] To see the full stack trace of the errors, re-run Maven with the -e switch.
[ERROR] Re-run Maven using the -X switch to enable full debug logging.
[ERROR] 
[ERROR] For more information about the errors and possible solutions, please read the following articles:
[ERROR] [Help 1] http://cwiki.apache.org/confluence/display/MAVEN/PluginResolutionException
